<?xml version="1.0" encoding="utf-8" standalone="no"?>
<!--This file represents the results of running a test suite-->
<test-results name="c:\dev\fubu\transportation\src\FubuTransportation.Tests\bin\Debug\FubuTransportation.Tests.dll" total="0" errors="0" failures="0" not-run="0" inconclusive="0" ignored="0" skipped="0" invalid="0" date="2013-01-31" time="08:32:07">
  <environment nunit-version="2.5.10.11092" clr-version="2.0.50727.5466" os-version="Microsoft Windows NT 6.1.7601 Service Pack 1" platform="Win32NT" cwd="c:\dev\fubu\transportation" machine-name="SMI-LP04" user="Matt" user-domain="SMI-LP04" />
  <culture-info current-culture="en-US" current-uiculture="en-US" />
  <test-suite type="Assembly" name="c:\dev\fubu\transportation\src\FubuTransportation.Tests\bin\Debug\FubuTransportation.Tests.dll" executed="True" result="Inconclusive" success="False" time="0.004" asserts="0" />
</test-results>